<?xml version="1.0" encoding="UTF-8"?>
<robot generator="Robot 4.1.3 (Python 3.9.0 on win32)" generated="20220315 19:05:21.160" rpa="false" schemaversion="2">
<suite id="s1" name="Tests" source="C:\GravidadeZERO\nBank\tests">
<suite id="s1-s1" name="Transactions" source="C:\GravidadeZERO\nBank\tests\transactions.robot">
<test id="s1-s1-t1" name="Cenario 1: Saldo">
<kw name="Start Session" library="base" type="SETUP">
<kw name="New Browser" library="Browser">
<arg>chromium</arg>
<arg>headless=False</arg>
<arg>slowMo=00:00:00</arg>
<tag>BrowserControl</tag>
<tag>Setter</tag>
<doc>Create a new playwright Browser with specified options.</doc>
<msg timestamp="20220315 19:05:22.430" level="INFO">{"browser": "chromium", "headless": false, "handleSIGINT": true, "handleSIGTERM": true, "handleSIGHUP": true, "timeout": 30000.0, "devtools": false, "slowMo": 0.0, "tracesDir": "C:\\GravidadeZERO\\nBank\\logs\\browser\\traces\\63c8a8ba-016a-4cf6-b9a9-edaecf952eda"}</msg>
<msg timestamp="20220315 19:05:22.910" level="INFO">Successfully created browser with options: {"browser":"chromium","headless":false,"handleSIGINT":true,"handleSIGTERM":true,"handleSIGHUP":true,"timeout":30000,"devtools":false,"slowMo":0,"tracesDir":"C:\\GravidadeZERO\\nBank\\logs\\browser\\traces\\63c8a8ba-016a-4cf6-b9a9-edaecf952eda"}</msg>
<status status="PASS" starttime="20220315 19:05:22.430" endtime="20220315 19:05:22.910"/>
</kw>
<kw name="New Page" library="Browser">
<arg>${BASE_URL}</arg>
<tag>BrowserControl</tag>
<tag>Setter</tag>
<doc>Open a new Page.</doc>
<msg timestamp="20220315 19:05:23.603" level="INFO">Successfully initialized new page object and opened url: https://nbank.vercel.app</msg>
<msg timestamp="20220315 19:05:23.603" level="INFO">No context was open. New context was automatically opened when this page is created.</msg>
<status status="PASS" starttime="20220315 19:05:22.911" endtime="20220315 19:05:23.603"/>
</kw>
<status status="PASS" starttime="20220315 19:05:22.429" endtime="20220315 19:05:23.603"/>
</kw>
<kw name="Go To Home nBank" library="actions">
<kw name="Go To" library="Browser">
<arg>${BASE_URL}</arg>
<tag>BrowserControl</tag>
<tag>Setter</tag>
<doc>Navigates to the given ``url``.</doc>
<msg timestamp="20220315 19:05:23.767" level="INFO">Successfully opened URL https://nbank.vercel.app</msg>
<status status="PASS" starttime="20220315 19:05:23.604" endtime="20220315 19:05:23.767"/>
</kw>
<kw name="Wait For Elements State" library="Browser">
<arg>css=.carousel-items</arg>
<arg>visible</arg>
<arg>5</arg>
<tag>PageContent</tag>
<tag>Wait</tag>
<doc>Waits for the element found by ``selector`` to satisfy state option.</doc>
<msg timestamp="20220315 19:05:23.796" level="INFO">Waited for Element with selector css=.carousel-items at state visible</msg>
<status status="PASS" starttime="20220315 19:05:23.767" endtime="20220315 19:05:23.796"/>
</kw>
<status status="PASS" starttime="20220315 19:05:23.604" endtime="20220315 19:05:23.796"/>
</kw>
<kw name="Check Balance Amount" library="actions">
<arg>1000</arg>
<kw name="Convert To String" library="BuiltIn">
<var>${saldo}</var>
<arg>${saldo}</arg>
<doc>Converts the given item to a Unicode string.</doc>
<msg timestamp="20220315 19:05:23.797" level="INFO">${saldo} = 1000</msg>
<status status="PASS" starttime="20220315 19:05:23.797" endtime="20220315 19:05:23.797"/>
</kw>
<kw name="Get Element" library="Browser">
<var>${element}</var>
<arg>css=.navbar-end a.navbar-item</arg>
<tag>Getter</tag>
<tag>PageContent</tag>
<doc>Returns a reference to a Playwright element handle.</doc>
<msg timestamp="20220315 19:05:23.809" level="INFO">Locator found successfully.</msg>
<msg timestamp="20220315 19:05:23.809" level="INFO">${element} = element=adab9d01-b2f3-4623-9e29-564c649249d4</msg>
<status status="PASS" starttime="20220315 19:05:23.797" endtime="20220315 19:05:23.809"/>
</kw>
<kw name="Wait For Elements State" library="Browser">
<arg>${element}</arg>
<arg>visible</arg>
<arg>5</arg>
<tag>PageContent</tag>
<tag>Wait</tag>
<doc>Waits for the element found by ``selector`` to satisfy state option.</doc>
<msg timestamp="20220315 19:05:23.818" level="INFO">Waited for Element with selector element=adab9d01-b2f3-4623-9e29-564c649249d4 at state visible</msg>
<status status="PASS" starttime="20220315 19:05:23.809" endtime="20220315 19:05:23.819"/>
</kw>
<kw name="Get Text" library="Browser">
<arg>${element}</arg>
<arg>contains</arg>
<arg>${saldo}</arg>
<tag>Assertion</tag>
<tag>Getter</tag>
<tag>PageContent</tag>
<doc>Returns text attribute of the element found by ``selector``.</doc>
<status status="PASS" starttime="20220315 19:05:23.819" endtime="20220315 19:05:23.832"/>
</kw>
<status status="PASS" starttime="20220315 19:05:23.796" endtime="20220315 19:05:23.832"/>
</kw>
<kw name="End Session" library="base" type="TEARDOWN">
<kw name="Take Screenshot" library="Browser">
<tag>PageContent</tag>
<doc>Takes a screenshot of the current window or element and saves it to disk.</doc>
<msg timestamp="20220315 19:05:23.974" level="INFO" html="true">&lt;/td&gt;&lt;/tr&gt;&lt;tr&gt;&lt;td colspan="3"&gt;&lt;a href="browser/screenshot/robotframework-browser-screenshot-1.png"&gt;&lt;img src="browser/screenshot/robotframework-browser-screenshot-1.png" width="800px"&gt;&lt;/a&gt;</msg>
<status status="PASS" starttime="20220315 19:05:23.833" endtime="20220315 19:05:23.974"/>
</kw>
<status status="PASS" starttime="20220315 19:05:23.832" endtime="20220315 19:05:23.974"/>
</kw>
<tag>saldo</tag>
<status status="PASS" starttime="20220315 19:05:22.421" endtime="20220315 19:05:23.975"/>
</test>
<test id="s1-s1-t2" name="Cenario 2: Fazer PIX">
<kw name="Start Session" library="base" type="SETUP">
<kw name="New Browser" library="Browser">
<arg>chromium</arg>
<arg>headless=False</arg>
<arg>slowMo=00:00:00</arg>
<tag>BrowserControl</tag>
<tag>Setter</tag>
<doc>Create a new playwright Browser with specified options.</doc>
<msg timestamp="20220315 19:05:24.036" level="INFO">{"browser": "chromium", "headless": false, "handleSIGINT": true, "handleSIGTERM": true, "handleSIGHUP": true, "timeout": 30000.0, "devtools": false, "slowMo": 0.0, "tracesDir": "C:\\GravidadeZERO\\nBank\\logs\\browser\\traces\\1ce619c1-abcc-4e93-9cd2-0d017236524b"}</msg>
<msg timestamp="20220315 19:05:24.517" level="INFO">Successfully created browser with options: {"browser":"chromium","headless":false,"handleSIGINT":true,"handleSIGTERM":true,"handleSIGHUP":true,"timeout":30000,"devtools":false,"slowMo":0,"tracesDir":"C:\\GravidadeZERO\\nBank\\logs\\browser\\traces\\1ce619c1-abcc-4e93-9cd2-0d017236524b"}</msg>
<status status="PASS" starttime="20220315 19:05:24.035" endtime="20220315 19:05:24.517"/>
</kw>
<kw name="New Page" library="Browser">
<arg>${BASE_URL}</arg>
<tag>BrowserControl</tag>
<tag>Setter</tag>
<doc>Open a new Page.</doc>
<msg timestamp="20220315 19:05:25.200" level="INFO">Successfully initialized new page object and opened url: https://nbank.vercel.app</msg>
<msg timestamp="20220315 19:05:25.200" level="INFO">No context was open. New context was automatically opened when this page is created.</msg>
<status status="PASS" starttime="20220315 19:05:24.517" endtime="20220315 19:05:25.200"/>
</kw>
<status status="PASS" starttime="20220315 19:05:24.034" endtime="20220315 19:05:25.200"/>
</kw>
<kw name="Factory Pix" library="transaction_pix">
<var>${transacao}</var>
<msg timestamp="20220315 19:05:25.201" level="INFO">${transacao} = {'saldo': 1000, 'pix': 100, 'saldo_final': 900, 'banco': 'Neon', 'chave_pix': 'Scooby-Doo'}</msg>
<status status="PASS" starttime="20220315 19:05:25.201" endtime="20220315 19:05:25.201"/>
</kw>
<kw name="Check Balance Amount" library="actions">
<arg>${transacao}[saldo]</arg>
<kw name="Convert To String" library="BuiltIn">
<var>${saldo}</var>
<arg>${saldo}</arg>
<doc>Converts the given item to a Unicode string.</doc>
<msg timestamp="20220315 19:05:25.202" level="INFO">${saldo} = 1000</msg>
<status status="PASS" starttime="20220315 19:05:25.202" endtime="20220315 19:05:25.202"/>
</kw>
<kw name="Get Element" library="Browser">
<var>${element}</var>
<arg>css=.navbar-end a.navbar-item</arg>
<tag>Getter</tag>
<tag>PageContent</tag>
<doc>Returns a reference to a Playwright element handle.</doc>
<msg timestamp="20220315 19:05:25.221" level="INFO">Locator found successfully.</msg>
<msg timestamp="20220315 19:05:25.221" level="INFO">${element} = element=da80844c-97dd-448d-b7e9-275c97af5e80</msg>
<status status="PASS" starttime="20220315 19:05:25.202" endtime="20220315 19:05:25.221"/>
</kw>
<kw name="Wait For Elements State" library="Browser">
<arg>${element}</arg>
<arg>visible</arg>
<arg>5</arg>
<tag>PageContent</tag>
<tag>Wait</tag>
<doc>Waits for the element found by ``selector`` to satisfy state option.</doc>
<msg timestamp="20220315 19:05:25.227" level="INFO">Waited for Element with selector element=da80844c-97dd-448d-b7e9-275c97af5e80 at state visible</msg>
<status status="PASS" starttime="20220315 19:05:25.221" endtime="20220315 19:05:25.227"/>
</kw>
<kw name="Get Text" library="Browser">
<arg>${element}</arg>
<arg>contains</arg>
<arg>${saldo}</arg>
<tag>Assertion</tag>
<tag>Getter</tag>
<tag>PageContent</tag>
<doc>Returns text attribute of the element found by ``selector``.</doc>
<status status="PASS" starttime="20220315 19:05:25.227" endtime="20220315 19:05:25.239"/>
</kw>
<status status="PASS" starttime="20220315 19:05:25.201" endtime="20220315 19:05:25.239"/>
</kw>
<kw name="Make A Pix" library="actions">
<arg>${transacao}</arg>
<kw name="Click" library="Browser">
<arg>text=Fazer PIX</arg>
<tag>PageContent</tag>
<tag>Setter</tag>
<doc>Simulates mouse click on the element found by ``selector``.</doc>
<status status="PASS" starttime="20220315 19:05:25.240" endtime="20220315 19:05:25.361"/>
</kw>
<kw name="Wait For Elements State" library="Browser">
<arg>css=.modal-card-body img</arg>
<arg>visible</arg>
<arg>5</arg>
<tag>PageContent</tag>
<tag>Wait</tag>
<doc>Waits for the element found by ``selector`` to satisfy state option.</doc>
<msg timestamp="20220315 19:05:25.389" level="INFO">Waited for Element with selector css=.modal-card-body img at state visible</msg>
<status status="PASS" starttime="20220315 19:05:25.362" endtime="20220315 19:05:25.389"/>
</kw>
<kw name="Select Options By" library="Browser">
<arg>css=span.select select</arg>
<arg>text</arg>
<arg>${transacao}[banco]</arg>
<tag>PageContent</tag>
<tag>Setter</tag>
<doc>Selects options from select element found by ``selector``.</doc>
<status status="PASS" starttime="20220315 19:05:25.390" endtime="20220315 19:05:25.422"/>
</kw>
<kw name="Fill Text" library="Browser">
<arg>id=chave-pix</arg>
<arg>${transacao}[chave_pix]</arg>
<tag>PageContent</tag>
<tag>Setter</tag>
<doc>Clears and fills the given ``txt`` into the text field found by ``selector``.</doc>
<msg timestamp="20220315 19:05:25.423" level="INFO">Fills the text 'Scooby-Doo' in the given field.</msg>
<status status="PASS" starttime="20220315 19:05:25.423" endtime="20220315 19:05:25.443"/>
</kw>
<kw name="Fill Text" library="Browser">
<arg>id=valor</arg>
<arg>${transacao}[pix]</arg>
<tag>PageContent</tag>
<tag>Setter</tag>
<doc>Clears and fills the given ``txt`` into the text field found by ``selector``.</doc>
<msg timestamp="20220315 19:05:25.444" level="INFO">Fills the text '100' in the given field.</msg>
<status status="PASS" starttime="20220315 19:05:25.444" endtime="20220315 19:05:25.462"/>
</kw>
<kw name="Click" library="Browser">
<arg>text=Enviar PIX</arg>
<tag>PageContent</tag>
<tag>Setter</tag>
<doc>Simulates mouse click on the element found by ``selector``.</doc>
<status status="PASS" starttime="20220315 19:05:25.462" endtime="20220315 19:05:25.567"/>
</kw>
<status status="PASS" starttime="20220315 19:05:25.239" endtime="20220315 19:05:25.567"/>
</kw>
<kw name="Check Balance Amount" library="actions">
<arg>${transacao}[saldo_final]</arg>
<kw name="Convert To String" library="BuiltIn">
<var>${saldo}</var>
<arg>${saldo}</arg>
<doc>Converts the given item to a Unicode string.</doc>
<msg timestamp="20220315 19:05:25.570" level="INFO">${saldo} = 900</msg>
<status status="PASS" starttime="20220315 19:05:25.569" endtime="20220315 19:05:25.570"/>
</kw>
<kw name="Get Element" library="Browser">
<var>${element}</var>
<arg>css=.navbar-end a.navbar-item</arg>
<tag>Getter</tag>
<tag>PageContent</tag>
<doc>Returns a reference to a Playwright element handle.</doc>
<msg timestamp="20220315 19:05:25.582" level="INFO">Locator found successfully.</msg>
<msg timestamp="20220315 19:05:25.583" level="INFO">${element} = element=7114fc0e-96cf-4910-91ec-8de2c0764a08</msg>
<status status="PASS" starttime="20220315 19:05:25.570" endtime="20220315 19:05:25.583"/>
</kw>
<kw name="Wait For Elements State" library="Browser">
<arg>${element}</arg>
<arg>visible</arg>
<arg>5</arg>
<tag>PageContent</tag>
<tag>Wait</tag>
<doc>Waits for the element found by ``selector`` to satisfy state option.</doc>
<msg timestamp="20220315 19:05:25.594" level="INFO">Waited for Element with selector element=7114fc0e-96cf-4910-91ec-8de2c0764a08 at state visible</msg>
<status status="PASS" starttime="20220315 19:05:25.583" endtime="20220315 19:05:25.594"/>
</kw>
<kw name="Get Text" library="Browser">
<arg>${element}</arg>
<arg>contains</arg>
<arg>${saldo}</arg>
<tag>Assertion</tag>
<tag>Getter</tag>
<tag>PageContent</tag>
<doc>Returns text attribute of the element found by ``selector``.</doc>
<status status="PASS" starttime="20220315 19:05:25.594" endtime="20220315 19:05:25.608"/>
</kw>
<status status="PASS" starttime="20220315 19:05:25.568" endtime="20220315 19:05:25.609"/>
</kw>
<kw name="Transaction Is Added To The Extract" library="actions">
<arg>${transacao}</arg>
<kw name="Get Current Date" library="DateTime">
<var>${date}</var>
<arg>result_format=%d/%m/%Y</arg>
<doc>Returns current local or UTC time with an optional increment.</doc>
<msg timestamp="20220315 19:05:25.610" level="INFO">${date} = 15/03/2022</msg>
<status status="PASS" starttime="20220315 19:05:25.610" endtime="20220315 19:05:25.610"/>
</kw>
<kw name="Convert To String" library="BuiltIn">
<var>${pix}</var>
<arg>${transacao}[pix]</arg>
<doc>Converts the given item to a Unicode string.</doc>
<msg timestamp="20220315 19:05:25.610" level="INFO">${pix} = 100</msg>
<status status="PASS" starttime="20220315 19:05:25.610" endtime="20220315 19:05:25.611"/>
</kw>
<kw name="Set Variable" library="BuiltIn">
<var>${element}</var>
<arg>xpath=//td[contains(text(), "Envio de PIX")]/..</arg>
<doc>Returns the given values which can then be assigned to a variables.</doc>
<msg timestamp="20220315 19:05:25.611" level="INFO">${element} = xpath=//td[contains(text(), "Envio de PIX")]/..</msg>
<status status="PASS" starttime="20220315 19:05:25.611" endtime="20220315 19:05:25.611"/>
</kw>
<kw name="Wait For Elements State" library="Browser">
<arg>${element}</arg>
<arg>visible</arg>
<arg>5</arg>
<tag>PageContent</tag>
<tag>Wait</tag>
<doc>Waits for the element found by ``selector`` to satisfy state option.</doc>
<msg timestamp="20220315 19:05:25.616" level="INFO">Waited for Element with selector xpath=//td[contains(text(), "Envio de PIX")]/.. at state visible</msg>
<status status="PASS" starttime="20220315 19:05:25.611" endtime="20220315 19:05:25.616"/>
</kw>
<kw name="Get Text" library="Browser">
<arg>${element}</arg>
<arg>contains</arg>
<arg>${transacao}[banco]</arg>
<tag>Assertion</tag>
<tag>Getter</tag>
<tag>PageContent</tag>
<doc>Returns text attribute of the element found by ``selector``.</doc>
<status status="PASS" starttime="20220315 19:05:25.616" endtime="20220315 19:05:25.630"/>
</kw>
<kw name="Get Text" library="Browser">
<arg>${element}</arg>
<arg>contains</arg>
<arg>${date}</arg>
<tag>Assertion</tag>
<tag>Getter</tag>
<tag>PageContent</tag>
<doc>Returns text attribute of the element found by ``selector``.</doc>
<status status="PASS" starttime="20220315 19:05:25.630" endtime="20220315 19:05:25.646"/>
</kw>
<kw name="Get Text" library="Browser">
<arg>${element}</arg>
<arg>contains</arg>
<arg>${pix}</arg>
<tag>Assertion</tag>
<tag>Getter</tag>
<tag>PageContent</tag>
<doc>Returns text attribute of the element found by ``selector``.</doc>
<status status="PASS" starttime="20220315 19:05:25.646" endtime="20220315 19:05:25.658"/>
</kw>
<status status="PASS" starttime="20220315 19:05:25.610" endtime="20220315 19:05:25.658"/>
</kw>
<kw name="End Session" library="base" type="TEARDOWN">
<kw name="Take Screenshot" library="Browser">
<tag>PageContent</tag>
<doc>Takes a screenshot of the current window or element and saves it to disk.</doc>
<msg timestamp="20220315 19:05:25.863" level="INFO" html="true">&lt;/td&gt;&lt;/tr&gt;&lt;tr&gt;&lt;td colspan="3"&gt;&lt;a href="browser/screenshot/robotframework-browser-screenshot-2.png"&gt;&lt;img src="browser/screenshot/robotframework-browser-screenshot-2.png" width="800px"&gt;&lt;/a&gt;</msg>
<status status="PASS" starttime="20220315 19:05:25.659" endtime="20220315 19:05:25.863"/>
</kw>
<status status="PASS" starttime="20220315 19:05:25.658" endtime="20220315 19:05:25.863"/>
</kw>
<tag>pix</tag>
<status status="PASS" starttime="20220315 19:05:24.029" endtime="20220315 19:05:25.864"/>
</test>
<test id="s1-s1-t3" name="Cenario 3: PIX com valor ZERO">
<kw name="Start Session" library="base" type="SETUP">
<kw name="New Browser" library="Browser">
<arg>chromium</arg>
<arg>headless=False</arg>
<arg>slowMo=00:00:00</arg>
<tag>BrowserControl</tag>
<tag>Setter</tag>
<doc>Create a new playwright Browser with specified options.</doc>
<msg timestamp="20220315 19:05:25.915" level="INFO">{"browser": "chromium", "headless": false, "handleSIGINT": true, "handleSIGTERM": true, "handleSIGHUP": true, "timeout": 30000.0, "devtools": false, "slowMo": 0.0, "tracesDir": "C:\\GravidadeZERO\\nBank\\logs\\browser\\traces\\b01b519c-d8fd-4f30-87d4-35b526fa726d"}</msg>
<msg timestamp="20220315 19:05:26.407" level="INFO">Successfully created browser with options: {"browser":"chromium","headless":false,"handleSIGINT":true,"handleSIGTERM":true,"handleSIGHUP":true,"timeout":30000,"devtools":false,"slowMo":0,"tracesDir":"C:\\GravidadeZERO\\nBank\\logs\\browser\\traces\\b01b519c-d8fd-4f30-87d4-35b526fa726d"}</msg>
<status status="PASS" starttime="20220315 19:05:25.915" endtime="20220315 19:05:26.407"/>
</kw>
<kw name="New Page" library="Browser">
<arg>${BASE_URL}</arg>
<tag>BrowserControl</tag>
<tag>Setter</tag>
<doc>Open a new Page.</doc>
<msg timestamp="20220315 19:05:27.112" level="INFO">Successfully initialized new page object and opened url: https://nbank.vercel.app</msg>
<msg timestamp="20220315 19:05:27.112" level="INFO">No context was open. New context was automatically opened when this page is created.</msg>
<status status="PASS" starttime="20220315 19:05:26.407" endtime="20220315 19:05:27.112"/>
</kw>
<status status="PASS" starttime="20220315 19:05:25.914" endtime="20220315 19:05:27.112"/>
</kw>
<kw name="Factory Pix Nulo" library="transaction_pix">
<var>${transacao}</var>
<msg timestamp="20220315 19:05:27.113" level="INFO">${transacao} = {'saldo': 1000, 'pix': 0, 'banco': 'C6 Bank', 'chave_pix': 'Barbie'}</msg>
<status status="PASS" starttime="20220315 19:05:27.113" endtime="20220315 19:05:27.113"/>
</kw>
<kw name="Check Balance Amount" library="actions">
<arg>${transacao}[saldo]</arg>
<kw name="Convert To String" library="BuiltIn">
<var>${saldo}</var>
<arg>${saldo}</arg>
<doc>Converts the given item to a Unicode string.</doc>
<msg timestamp="20220315 19:05:27.114" level="INFO">${saldo} = 1000</msg>
<status status="PASS" starttime="20220315 19:05:27.114" endtime="20220315 19:05:27.114"/>
</kw>
<kw name="Get Element" library="Browser">
<var>${element}</var>
<arg>css=.navbar-end a.navbar-item</arg>
<tag>Getter</tag>
<tag>PageContent</tag>
<doc>Returns a reference to a Playwright element handle.</doc>
<msg timestamp="20220315 19:05:27.135" level="INFO">Locator found successfully.</msg>
<msg timestamp="20220315 19:05:27.135" level="INFO">${element} = element=f761c5dd-3853-4d4a-b4c1-a8971d9707a0</msg>
<status status="PASS" starttime="20220315 19:05:27.114" endtime="20220315 19:05:27.135"/>
</kw>
<kw name="Wait For Elements State" library="Browser">
<arg>${element}</arg>
<arg>visible</arg>
<arg>5</arg>
<tag>PageContent</tag>
<tag>Wait</tag>
<doc>Waits for the element found by ``selector`` to satisfy state option.</doc>
<msg timestamp="20220315 19:05:27.143" level="INFO">Waited for Element with selector element=f761c5dd-3853-4d4a-b4c1-a8971d9707a0 at state visible</msg>
<status status="PASS" starttime="20220315 19:05:27.135" endtime="20220315 19:05:27.144"/>
</kw>
<kw name="Get Text" library="Browser">
<arg>${element}</arg>
<arg>contains</arg>
<arg>${saldo}</arg>
<tag>Assertion</tag>
<tag>Getter</tag>
<tag>PageContent</tag>
<doc>Returns text attribute of the element found by ``selector``.</doc>
<status status="PASS" starttime="20220315 19:05:27.144" endtime="20220315 19:05:27.157"/>
</kw>
<status status="PASS" starttime="20220315 19:05:27.114" endtime="20220315 19:05:27.158"/>
</kw>
<kw name="Make A Pix" library="actions">
<arg>${transacao}</arg>
<kw name="Click" library="Browser">
<arg>text=Fazer PIX</arg>
<tag>PageContent</tag>
<tag>Setter</tag>
<doc>Simulates mouse click on the element found by ``selector``.</doc>
<status status="PASS" starttime="20220315 19:05:27.159" endtime="20220315 19:05:27.257"/>
</kw>
<kw name="Wait For Elements State" library="Browser">
<arg>css=.modal-card-body img</arg>
<arg>visible</arg>
<arg>5</arg>
<tag>PageContent</tag>
<tag>Wait</tag>
<doc>Waits for the element found by ``selector`` to satisfy state option.</doc>
<msg timestamp="20220315 19:05:27.389" level="INFO">Waited for Element with selector css=.modal-card-body img at state visible</msg>
<status status="PASS" starttime="20220315 19:05:27.257" endtime="20220315 19:05:27.389"/>
</kw>
<kw name="Select Options By" library="Browser">
<arg>css=span.select select</arg>
<arg>text</arg>
<arg>${transacao}[banco]</arg>
<tag>PageContent</tag>
<tag>Setter</tag>
<doc>Selects options from select element found by ``selector``.</doc>
<status status="PASS" starttime="20220315 19:05:27.390" endtime="20220315 19:05:27.445"/>
</kw>
<kw name="Fill Text" library="Browser">
<arg>id=chave-pix</arg>
<arg>${transacao}[chave_pix]</arg>
<tag>PageContent</tag>
<tag>Setter</tag>
<doc>Clears and fills the given ``txt`` into the text field found by ``selector``.</doc>
<msg timestamp="20220315 19:05:27.445" level="INFO">Fills the text 'Barbie' in the given field.</msg>
<status status="PASS" starttime="20220315 19:05:27.445" endtime="20220315 19:05:27.474"/>
</kw>
<kw name="Fill Text" library="Browser">
<arg>id=valor</arg>
<arg>${transacao}[pix]</arg>
<tag>PageContent</tag>
<tag>Setter</tag>
<doc>Clears and fills the given ``txt`` into the text field found by ``selector``.</doc>
<msg timestamp="20220315 19:05:27.474" level="INFO">Fills the text '0' in the given field.</msg>
<status status="PASS" starttime="20220315 19:05:27.474" endtime="20220315 19:05:27.493"/>
</kw>
<kw name="Click" library="Browser">
<arg>text=Enviar PIX</arg>
<tag>PageContent</tag>
<tag>Setter</tag>
<doc>Simulates mouse click on the element found by ``selector``.</doc>
<status status="PASS" starttime="20220315 19:05:27.494" endtime="20220315 19:05:27.574"/>
</kw>
<status status="PASS" starttime="20220315 19:05:27.159" endtime="20220315 19:05:27.574"/>
</kw>
<kw name="Alert Message Should Be" library="actions">
<arg>Oops. Transferir ZERO é osso hein...</arg>
<kw name="Set Variable" library="BuiltIn">
<var>${element}</var>
<arg>css=div.media-content</arg>
<doc>Returns the given values which can then be assigned to a variables.</doc>
<msg timestamp="20220315 19:05:27.576" level="INFO">${element} = css=div.media-content</msg>
<status status="PASS" starttime="20220315 19:05:27.576" endtime="20220315 19:05:27.576"/>
</kw>
<kw name="Wait For Elements State" library="Browser">
<arg>${element}</arg>
<arg>visible</arg>
<arg>5</arg>
<tag>PageContent</tag>
<tag>Wait</tag>
<doc>Waits for the element found by ``selector`` to satisfy state option.</doc>
<msg timestamp="20220315 19:05:27.582" level="INFO">Waited for Element with selector css=div.media-content at state visible</msg>
<status status="PASS" starttime="20220315 19:05:27.576" endtime="20220315 19:05:27.582"/>
</kw>
<kw name="Get Text" library="Browser">
<arg>${element}</arg>
<arg>equal</arg>
<arg>${mensagem_esperada}</arg>
<tag>Assertion</tag>
<tag>Getter</tag>
<tag>PageContent</tag>
<doc>Returns text attribute of the element found by ``selector``.</doc>
<status status="PASS" starttime="20220315 19:05:27.582" endtime="20220315 19:05:27.591"/>
</kw>
<status status="PASS" starttime="20220315 19:05:27.575" endtime="20220315 19:05:27.592"/>
</kw>
<kw name="End Session" library="base" type="TEARDOWN">
<kw name="Take Screenshot" library="Browser">
<tag>PageContent</tag>
<doc>Takes a screenshot of the current window or element and saves it to disk.</doc>
<msg timestamp="20220315 19:05:27.782" level="INFO" html="true">&lt;/td&gt;&lt;/tr&gt;&lt;tr&gt;&lt;td colspan="3"&gt;&lt;a href="browser/screenshot/robotframework-browser-screenshot-3.png"&gt;&lt;img src="browser/screenshot/robotframework-browser-screenshot-3.png" width="800px"&gt;&lt;/a&gt;</msg>
<status status="PASS" starttime="20220315 19:05:27.592" endtime="20220315 19:05:27.782"/>
</kw>
<status status="PASS" starttime="20220315 19:05:27.592" endtime="20220315 19:05:27.782"/>
</kw>
<tag>pix-zero</tag>
<status status="PASS" starttime="20220315 19:05:25.912" endtime="20220315 19:05:27.783"/>
</test>
<test id="s1-s1-t4" name="Cenario 4: PIX com valor NEGATIVO">
<kw name="Start Session" library="base" type="SETUP">
<kw name="New Browser" library="Browser">
<arg>chromium</arg>
<arg>headless=False</arg>
<arg>slowMo=00:00:00</arg>
<tag>BrowserControl</tag>
<tag>Setter</tag>
<doc>Create a new playwright Browser with specified options.</doc>
<msg timestamp="20220315 19:05:27.835" level="INFO">{"browser": "chromium", "headless": false, "handleSIGINT": true, "handleSIGTERM": true, "handleSIGHUP": true, "timeout": 30000.0, "devtools": false, "slowMo": 0.0, "tracesDir": "C:\\GravidadeZERO\\nBank\\logs\\browser\\traces\\a6248ca5-6266-4d73-92cd-6766f92eafe7"}</msg>
<msg timestamp="20220315 19:05:28.295" level="INFO">Successfully created browser with options: {"browser":"chromium","headless":false,"handleSIGINT":true,"handleSIGTERM":true,"handleSIGHUP":true,"timeout":30000,"devtools":false,"slowMo":0,"tracesDir":"C:\\GravidadeZERO\\nBank\\logs\\browser\\traces\\a6248ca5-6266-4d73-92cd-6766f92eafe7"}</msg>
<status status="PASS" starttime="20220315 19:05:27.834" endtime="20220315 19:05:28.295"/>
</kw>
<kw name="New Page" library="Browser">
<arg>${BASE_URL}</arg>
<tag>BrowserControl</tag>
<tag>Setter</tag>
<doc>Open a new Page.</doc>
<msg timestamp="20220315 19:05:29.029" level="INFO">Successfully initialized new page object and opened url: https://nbank.vercel.app</msg>
<msg timestamp="20220315 19:05:29.029" level="INFO">No context was open. New context was automatically opened when this page is created.</msg>
<status status="PASS" starttime="20220315 19:05:28.295" endtime="20220315 19:05:29.030"/>
</kw>
<status status="PASS" starttime="20220315 19:05:27.834" endtime="20220315 19:05:29.030"/>
</kw>
<kw name="Factory Pix Negativo" library="transaction_pix">
<var>${transacao}</var>
<msg timestamp="20220315 19:05:29.031" level="INFO">${transacao} = {'saldo': 1000, 'pix': -1, 'banco': 'Nubank', 'chave_pix': 'Jade Piton'}</msg>
<status status="PASS" starttime="20220315 19:05:29.030" endtime="20220315 19:05:29.031"/>
</kw>
<kw name="Check Balance Amount" library="actions">
<arg>${transacao}[saldo]</arg>
<kw name="Convert To String" library="BuiltIn">
<var>${saldo}</var>
<arg>${saldo}</arg>
<doc>Converts the given item to a Unicode string.</doc>
<msg timestamp="20220315 19:05:29.032" level="INFO">${saldo} = 1000</msg>
<status status="PASS" starttime="20220315 19:05:29.031" endtime="20220315 19:05:29.032"/>
</kw>
<kw name="Get Element" library="Browser">
<var>${element}</var>
<arg>css=.navbar-end a.navbar-item</arg>
<tag>Getter</tag>
<tag>PageContent</tag>
<doc>Returns a reference to a Playwright element handle.</doc>
<msg timestamp="20220315 19:05:29.051" level="INFO">Locator found successfully.</msg>
<msg timestamp="20220315 19:05:29.051" level="INFO">${element} = element=75e79357-af91-4b67-86bf-1c5d4cb92d06</msg>
<status status="PASS" starttime="20220315 19:05:29.032" endtime="20220315 19:05:29.051"/>
</kw>
<kw name="Wait For Elements State" library="Browser">
<arg>${element}</arg>
<arg>visible</arg>
<arg>5</arg>
<tag>PageContent</tag>
<tag>Wait</tag>
<doc>Waits for the element found by ``selector`` to satisfy state option.</doc>
<msg timestamp="20220315 19:05:29.057" level="INFO">Waited for Element with selector element=75e79357-af91-4b67-86bf-1c5d4cb92d06 at state visible</msg>
<status status="PASS" starttime="20220315 19:05:29.051" endtime="20220315 19:05:29.058"/>
</kw>
<kw name="Get Text" library="Browser">
<arg>${element}</arg>
<arg>contains</arg>
<arg>${saldo}</arg>
<tag>Assertion</tag>
<tag>Getter</tag>
<tag>PageContent</tag>
<doc>Returns text attribute of the element found by ``selector``.</doc>
<status status="PASS" starttime="20220315 19:05:29.058" endtime="20220315 19:05:29.070"/>
</kw>
<status status="PASS" starttime="20220315 19:05:29.031" endtime="20220315 19:05:29.070"/>
</kw>
<kw name="Make A Pix" library="actions">
<arg>${transacao}</arg>
<kw name="Click" library="Browser">
<arg>text=Fazer PIX</arg>
<tag>PageContent</tag>
<tag>Setter</tag>
<doc>Simulates mouse click on the element found by ``selector``.</doc>
<status status="PASS" starttime="20220315 19:05:29.071" endtime="20220315 19:05:29.169"/>
</kw>
<kw name="Wait For Elements State" library="Browser">
<arg>css=.modal-card-body img</arg>
<arg>visible</arg>
<arg>5</arg>
<tag>PageContent</tag>
<tag>Wait</tag>
<doc>Waits for the element found by ``selector`` to satisfy state option.</doc>
<msg timestamp="20220315 19:05:29.303" level="INFO">Waited for Element with selector css=.modal-card-body img at state visible</msg>
<status status="PASS" starttime="20220315 19:05:29.170" endtime="20220315 19:05:29.304"/>
</kw>
<kw name="Select Options By" library="Browser">
<arg>css=span.select select</arg>
<arg>text</arg>
<arg>${transacao}[banco]</arg>
<tag>PageContent</tag>
<tag>Setter</tag>
<doc>Selects options from select element found by ``selector``.</doc>
<status status="PASS" starttime="20220315 19:05:29.304" endtime="20220315 19:05:29.355"/>
</kw>
<kw name="Fill Text" library="Browser">
<arg>id=chave-pix</arg>
<arg>${transacao}[chave_pix]</arg>
<tag>PageContent</tag>
<tag>Setter</tag>
<doc>Clears and fills the given ``txt`` into the text field found by ``selector``.</doc>
<msg timestamp="20220315 19:05:29.356" level="INFO">Fills the text 'Jade Piton' in the given field.</msg>
<status status="PASS" starttime="20220315 19:05:29.355" endtime="20220315 19:05:29.385"/>
</kw>
<kw name="Fill Text" library="Browser">
<arg>id=valor</arg>
<arg>${transacao}[pix]</arg>
<tag>PageContent</tag>
<tag>Setter</tag>
<doc>Clears and fills the given ``txt`` into the text field found by ``selector``.</doc>
<msg timestamp="20220315 19:05:29.386" level="INFO">Fills the text '-1' in the given field.</msg>
<status status="PASS" starttime="20220315 19:05:29.385" endtime="20220315 19:05:29.406"/>
</kw>
<kw name="Click" library="Browser">
<arg>text=Enviar PIX</arg>
<tag>PageContent</tag>
<tag>Setter</tag>
<doc>Simulates mouse click on the element found by ``selector``.</doc>
<status status="PASS" starttime="20220315 19:05:29.406" endtime="20220315 19:05:29.460"/>
</kw>
<status status="PASS" starttime="20220315 19:05:29.071" endtime="20220315 19:05:29.460"/>
</kw>
<kw name="Alert Message Should Be" library="actions">
<arg>Oops. Valor para PIX incorreto...</arg>
<kw name="Set Variable" library="BuiltIn">
<var>${element}</var>
<arg>css=div.media-content</arg>
<doc>Returns the given values which can then be assigned to a variables.</doc>
<msg timestamp="20220315 19:05:29.461" level="INFO">${element} = css=div.media-content</msg>
<status status="PASS" starttime="20220315 19:05:29.461" endtime="20220315 19:05:29.461"/>
</kw>
<kw name="Wait For Elements State" library="Browser">
<arg>${element}</arg>
<arg>visible</arg>
<arg>5</arg>
<tag>PageContent</tag>
<tag>Wait</tag>
<doc>Waits for the element found by ``selector`` to satisfy state option.</doc>
<msg timestamp="20220315 19:05:29.470" level="INFO">Waited for Element with selector css=div.media-content at state visible</msg>
<status status="PASS" starttime="20220315 19:05:29.462" endtime="20220315 19:05:29.470"/>
</kw>
<kw name="Get Text" library="Browser">
<arg>${element}</arg>
<arg>equal</arg>
<arg>${mensagem_esperada}</arg>
<tag>Assertion</tag>
<tag>Getter</tag>
<tag>PageContent</tag>
<doc>Returns text attribute of the element found by ``selector``.</doc>
<msg timestamp="20220315 19:05:30.712" level="INFO" html="true">&lt;/td&gt;&lt;/tr&gt;&lt;tr&gt;&lt;td colspan="3"&gt;&lt;a href="browser/screenshot/fail-screenshot-1.png"&gt;&lt;img src="browser/screenshot/fail-screenshot-1.png" width="800px"&gt;&lt;/a&gt;</msg>
<msg timestamp="20220315 19:05:30.716" level="FAIL">Text 'Oops. Transferir ZERO é osso hein...' (str) should be 'Oops. Valor para PIX incorreto...' (str)</msg>
<status status="FAIL" starttime="20220315 19:05:29.470" endtime="20220315 19:05:30.716"/>
</kw>
<status status="FAIL" starttime="20220315 19:05:29.461" endtime="20220315 19:05:30.717"/>
</kw>
<kw name="End Session" library="base" type="TEARDOWN">
<kw name="Take Screenshot" library="Browser">
<tag>PageContent</tag>
<doc>Takes a screenshot of the current window or element and saves it to disk.</doc>
<msg timestamp="20220315 19:05:30.828" level="INFO" html="true">&lt;/td&gt;&lt;/tr&gt;&lt;tr&gt;&lt;td colspan="3"&gt;&lt;a href="browser/screenshot/robotframework-browser-screenshot-4.png"&gt;&lt;img src="browser/screenshot/robotframework-browser-screenshot-4.png" width="800px"&gt;&lt;/a&gt;</msg>
<status status="PASS" starttime="20220315 19:05:30.718" endtime="20220315 19:05:30.828"/>
</kw>
<status status="PASS" starttime="20220315 19:05:30.718" endtime="20220315 19:05:30.828"/>
</kw>
<tag>pix-negativo</tag>
<status status="FAIL" starttime="20220315 19:05:27.831" endtime="20220315 19:05:30.828">Text 'Oops. Transferir ZERO é osso hein...' (str) should be 'Oops. Valor para PIX incorreto...' (str)</status>
</test>
<doc>Suite de testes do nBank</doc>
<status status="FAIL" starttime="20220315 19:05:21.184" endtime="20220315 19:05:30.879"/>
</suite>
<status status="FAIL" starttime="20220315 19:05:21.162" endtime="20220315 19:05:30.887"/>
</suite>
<statistics>
<total>
<stat pass="3" fail="1" skip="0">All Tests</stat>
</total>
<tag>
<stat pass="1" fail="0" skip="0">pix</stat>
<stat pass="0" fail="1" skip="0">pix-negativo</stat>
<stat pass="1" fail="0" skip="0">pix-zero</stat>
<stat pass="1" fail="0" skip="0">saldo</stat>
</tag>
<suite>
<stat pass="3" fail="1" skip="0" id="s1" name="Tests">Tests</stat>
<stat pass="3" fail="1" skip="0" id="s1-s1" name="Transactions">Tests.Transactions</stat>
</suite>
</statistics>
<errors>
</errors>
</robot>
